13-08-2024 14:14:19 - logging_file - INFO - Function: auth_menu args: () kwargs: {} result: None
13-08-2024 15:23:03 - logging_file - INFO - Function: send_email args: () kwargs: {} result: None
13-08-2024 15:23:03 - logging_file - INFO - Function: super_admin_menu args: () kwargs: {} result: None
13-08-2024 15:23:03 - logging_file - INFO - Function: auth_menu args: () kwargs: {} result: None
13-08-2024 17:17:06 - logging_file - INFO - Function: login args: () kwargs: {} result: 1
13-08-2024 17:17:20 - logging_file - INFO - Function: add_admin args: () kwargs: {} result: None
13-08-2024 17:18:15 - logging_file - INFO - Function: add_admin args: () kwargs: {} result: None
13-08-2024 17:18:32 - logging_file - INFO - Function: delete_admin args: () kwargs: {} result: None
13-08-2024 17:18:42 - logging_file - INFO - Function: show_all_admins args: () kwargs: {} result: None
13-08-2024 17:18:52 - logging_file - INFO - Function: auth_menu args: () kwargs: {} result: None
13-08-2024 17:18:52 - logging_file - INFO - Function: super_admin_menu args: () kwargs: {} result: None
13-08-2024 17:18:52 - logging_file - INFO - Function: manage_admins args: () kwargs: {} result: None
13-08-2024 17:18:52 - logging_file - INFO - Function: manage_admins args: () kwargs: {} result: None
13-08-2024 17:18:52 - logging_file - INFO - Function: manage_admins args: () kwargs: {} result: None
13-08-2024 17:18:52 - logging_file - INFO - Function: manage_admins args: () kwargs: {} result: None
13-08-2024 17:18:52 - logging_file - INFO - Function: manage_admins args: () kwargs: {} result: None
13-08-2024 17:18:52 - logging_file - INFO - Function: super_admin_menu args: () kwargs: {} result: None
13-08-2024 17:18:52 - logging_file - INFO - Function: auth_menu args: () kwargs: {} result: None
13-08-2024 17:19:55 - logging_file - INFO - Function: login args: () kwargs: {} result: 5
13-08-2024 17:21:54 - logging_file - INFO - Function: login args: () kwargs: {} result: 3
13-08-2024 17:22:08 - logging_file - INFO - Function: logout args: () kwargs: {} result: None
13-08-2024 17:22:15 - logging_file - INFO - Function: auth_menu args: () kwargs: {} result: None
13-08-2024 17:22:15 - logging_file - INFO - Function: admin_menu args: () kwargs: {} result: None
13-08-2024 17:22:15 - logging_file - INFO - Function: manage_students args: () kwargs: {} result: None
13-08-2024 17:22:15 - logging_file - INFO - Function: admin_menu args: () kwargs: {} result: None
13-08-2024 17:22:15 - logging_file - INFO - Function: auth_menu args: () kwargs: {} result: None
13-08-2024 18:09:02 - logging_file - INFO - Function: login args: () kwargs: {} result: 5
13-08-2024 18:09:12 - logging_file - INFO - Function: login args: () kwargs: {} result: 3
13-08-2024 18:09:33 - logging_file - INFO - Function: add_student args: () kwargs: {} result: None
13-08-2024 18:09:57 - logging_file - INFO - Function: add_student args: () kwargs: {} result: None
13-08-2024 18:10:12 - logging_file - INFO - Function: delete_student args: () kwargs: {} result: None
13-08-2024 18:10:21 - logging_file - INFO - Function: show_all_students args: () kwargs: {} result: None
13-08-2024 18:11:31 - logging_file - INFO - Function: login args: () kwargs: {} result: 3
13-08-2024 18:11:36 - logging_file - INFO - Function: show_all_students args: () kwargs: {} result: None
13-08-2024 18:11:51 - logging_file - INFO - Function: logout args: () kwargs: {} result: None
13-08-2024 18:11:52 - logging_file - INFO - Function: auth_menu args: () kwargs: {} result: None
13-08-2024 18:11:52 - logging_file - INFO - Function: admin_menu args: () kwargs: {} result: None
13-08-2024 18:11:52 - logging_file - INFO - Function: manage_students args: () kwargs: {} result: None
13-08-2024 18:11:52 - logging_file - INFO - Function: manage_students args: () kwargs: {} result: None
13-08-2024 18:11:52 - logging_file - INFO - Function: admin_menu args: () kwargs: {} result: None
13-08-2024 18:11:52 - logging_file - INFO - Function: auth_menu args: () kwargs: {} result: None
